01-21 00:19:31 com_github_MitjaNemec_PlaceFootprints.action_place_footprints 641:Plugin executed on: 'linux'
01-21 00:19:31 com_github_MitjaNemec_PlaceFootprints.action_place_footprints 642:Plugin executed with python version: '3.11.7 (main, Dec  4 2023, 18:10:11) [GCC 13.2.0]'
01-21 00:19:31 com_github_MitjaNemec_PlaceFootprints.action_place_footprints 643:KiCad build version: 7.0.9
01-21 00:19:31 com_github_MitjaNemec_PlaceFootprints.action_place_footprints 644:Plugin version: 2.1.2
01-21 00:19:31 com_github_MitjaNemec_PlaceFootprints.action_place_footprints 645:Frame repr: <wx._core.Frame object at 0x7f95a5bfb6d0>
01-21 00:19:31 com_github_MitjaNemec_PlaceFootprints.place_footprints 121:getting a list of all footprints on board
01-21 00:19:31 com_github_MitjaNemec_PlaceFootprints.place_footprints 156:Footprint JP1 on root level
01-21 00:19:31 com_github_MitjaNemec_PlaceFootprints.place_footprints 156:Footprint J1 on root level
01-21 00:19:31 com_github_MitjaNemec_PlaceFootprints.place_footprints 156:Footprint U1 on root level
01-21 00:19:31 com_github_MitjaNemec_PlaceFootprints.place_footprints 156:Footprint C2 on root level
01-21 00:19:31 com_github_MitjaNemec_PlaceFootprints.place_footprints 156:Footprint C1 on root level
01-21 00:19:31 com_github_MitjaNemec_PlaceFootprints.place_footprints 156:Footprint RN1 on root level
01-21 00:19:32 com_github_MitjaNemec_PlaceFootprints.action_place_footprints 824:Reference designator is: D
01-21 00:19:32 com_github_MitjaNemec_PlaceFootprints.action_place_footprints 825:Reference number is: 1
01-21 00:19:32 com_github_MitjaNemec_PlaceFootprints.action_place_footprints 857:Sorted and filtered list:
['D1', 'D2', 'D3', 'D4', 'D5', 'D6', 'D7', 'D8', 'D9', 'D10', 'D11', 'D12', 'D13', 'D14', 'D15', 'D16', 'D17', 'D18', 'D19', 'D20', 'D21', 'D22', 'D23', 'D24', 'D25', 'D26', 'D27', 'D28', 'D29', 'D30', 'D31', 'D32', 'D33', 'D34', 'D35', 'D36', 'D37', 'D38', 'D39', 'D40', 'D41', 'D42', 'D43', 'D44', 'D45', 'D46', 'D47', 'D48', 'D49', 'D50', 'D51', 'D52', 'D53', 'D54', 'D55', 'D56', 'D57', 'D58', 'D59', 'D60', 'D61', 'D62', 'D63', 'D64']
01-21 00:19:32 com_github_MitjaNemec_PlaceFootprints.action_place_footprints 358:wx.Colour(246, 245, 244, 255)
01-21 00:19:33 com_github_MitjaNemec_PlaceFootprints.action_place_footprints 489:'50'
01-21 00:19:33 com_github_MitjaNemec_PlaceFootprints.action_place_footprints 895:Footprints to place:
['D1', 'D2', 'D3', 'D4', 'D5', 'D6', 'D7', 'D8', 'D9', 'D10', 'D11', 'D12', 'D13', 'D14', 'D15', 'D16', 'D17', 'D18', 'D19', 'D20', 'D21', 'D22', 'D23', 'D24', 'D25', 'D26', 'D27', 'D28', 'D29', 'D30', 'D31', 'D32', 'D33', 'D34', 'D35', 'D36', 'D37', 'D38', 'D39', 'D40', 'D41', 'D42', 'D43', 'D44', 'D45', 'D46', 'D47', 'D48', 'D49', 'D50', 'D51', 'D52', 'D53', 'D54', 'D55', 'D56', 'D57', 'D58', 'D59', 'D60', 'D61', 'D62', 'D63', 'D64']
01-21 00:19:33 com_github_MitjaNemec_PlaceFootprints.place_footprints 398:Starting placing with matrix layout
01-21 00:19:33 com_github_MitjaNemec_PlaceFootprints.action_place_footprints 965:Placing complete
