01-21 00:19:40 com_github_MitjaNemec_ReplicateLayout.action_replicate_layout 392:Plugin executed on: 'linux'
01-21 00:19:40 com_github_MitjaNemec_ReplicateLayout.action_replicate_layout 393:Plugin executed with python version: '3.11.7 (main, Dec  4 2023, 18:10:11) [GCC 13.2.0]'
01-21 00:19:40 com_github_MitjaNemec_ReplicateLayout.action_replicate_layout 394:KiCad build version: 7.0.9
01-21 00:19:40 com_github_MitjaNemec_ReplicateLayout.action_replicate_layout 395:Plugin version: 2.1.3
01-21 00:19:40 com_github_MitjaNemec_ReplicateLayout.action_replicate_layout 396:Frame repr: <wx._core.Frame object at 0x7f95a5bfb6d0>
01-21 00:19:40 com_github_MitjaNemec_ReplicateLayout.action_replicate_layout 420:Preparing replicator with D1 as a reference
01-21 00:19:40 com_github_MitjaNemec_ReplicateLayout.replicate_layout 117:getting a list of all footprints on board
01-21 00:19:40 com_github_MitjaNemec_ReplicateLayout.action_replicate_layout 468:source anchor footprint is 'D1'
Located on: ['Row0']
With filenames: ['row.kicad_sch']
With sheet_id:['Row0']
01-21 00:19:40 com_github_MitjaNemec_ReplicateLayout.action_replicate_layout 475:Corresponding footprints are 
[('D9', ['Row1']), ('D17', ['Row2']), ('D33', ['Row4']), ('D57', ['Row7']), ('D41', ['Row5']), ('D1', ['Row0']), ('D25', ['Row3']), ('D49', ['Row6'])]
01-21 00:19:40 com_github_MitjaNemec_ReplicateLayout.action_replicate_layout 487:Showing dialog
01-21 00:19:40 com_github_MitjaNemec_ReplicateLayout.replicate_layout 424:constructing a list of sheets suitable for replication on level:'Row0', file:'row.kicad_sch'
01-21 00:19:40 com_github_MitjaNemec_ReplicateLayout.replicate_layout 461:suitable sheets are:[['Row1'], ['Row2'], ['Row3'], ['Row4'], ['Row5'], ['Row6'], ['Row7']]
01-21 00:19:40 com_github_MitjaNemec_ReplicateLayout.replicate_layout 1464:Level selected: ['Row0']
01-21 00:19:40 com_github_MitjaNemec_ReplicateLayout.replicate_layout 1299:Filtering list of tracks
01-21 00:19:40 com_github_MitjaNemec_ReplicateLayout.action_replicate_layout 493:Toolbar position: wx.Point(1906, 149)
01-21 00:19:40 com_github_MitjaNemec_ReplicateLayout.action_replicate_layout 498:Dialog position: wx.Point(1467, 149)
01-21 00:20:01 com_github_MitjaNemec_ReplicateLayout.replicate_layout 424:constructing a list of sheets suitable for replication on level:'Row0', file:'row.kicad_sch'
01-21 00:20:01 com_github_MitjaNemec_ReplicateLayout.replicate_layout 461:suitable sheets are:[['Row1'], ['Row2'], ['Row3'], ['Row4'], ['Row5'], ['Row6'], ['Row7']]
01-21 00:20:01 com_github_MitjaNemec_ReplicateLayout.replicate_layout 1464:Level selected: ['Row0']
01-21 00:20:01 com_github_MitjaNemec_ReplicateLayout.replicate_layout 1299:Filtering list of tracks
01-21 00:20:02 com_github_MitjaNemec_ReplicateLayout.replicate_layout 424:constructing a list of sheets suitable for replication on level:'Row0', file:'row.kicad_sch'
01-21 00:20:02 com_github_MitjaNemec_ReplicateLayout.replicate_layout 461:suitable sheets are:[['Row1'], ['Row2'], ['Row3'], ['Row4'], ['Row5'], ['Row6'], ['Row7']]
01-21 00:20:02 com_github_MitjaNemec_ReplicateLayout.replicate_layout 1464:Level selected: ['Row0']
01-21 00:20:02 com_github_MitjaNemec_ReplicateLayout.replicate_layout 1299:Filtering list of tracks
01-21 00:20:06 com_github_MitjaNemec_ReplicateLayout.replicate_layout 424:constructing a list of sheets suitable for replication on level:'Row0', file:'row.kicad_sch'
01-21 00:20:06 com_github_MitjaNemec_ReplicateLayout.replicate_layout 461:suitable sheets are:[['Row1'], ['Row2'], ['Row3'], ['Row4'], ['Row5'], ['Row6'], ['Row7']]
01-21 00:20:06 com_github_MitjaNemec_ReplicateLayout.action_replicate_layout 240:Replicating layout
01-21 00:20:06 com_github_MitjaNemec_ReplicateLayout.replicate_layout 240:Starting replication of sheets: [['Row1'], ['Row2'], ['Row3'], ['Row4'], ['Row5'], ['Row6'], ['Row7']]
on level: ['Row0']
with tracks=True, zone=True, text=True, text=True, intersecting=True, remove=False, locked footprints=False, group_only=False
01-21 00:20:06 root 332:updating GUI message: 'Preparing for replication'
01-21 00:20:06 com_github_MitjaNemec_ReplicateLayout.replicate_layout 310:Getting the list of source footprints
01-21 00:20:06 root 337:updating GUI with: 0
01-21 00:20:06 com_github_MitjaNemec_ReplicateLayout.replicate_layout 320:Getting the list of all the remaining footprints
01-21 00:20:06 com_github_MitjaNemec_ReplicateLayout.replicate_layout 327:Getting source tracks
01-21 00:20:06 com_github_MitjaNemec_ReplicateLayout.replicate_layout 1299:Filtering list of tracks
01-21 00:20:06 com_github_MitjaNemec_ReplicateLayout.replicate_layout 331:Getting source zones
01-21 00:20:06 com_github_MitjaNemec_ReplicateLayout.replicate_layout 335:Getting source text items
01-21 00:20:06 com_github_MitjaNemec_ReplicateLayout.replicate_layout 339:Getting source drawing items
01-21 00:20:06 root 332:updating GUI message: 'Replicating footprints'
01-21 00:20:06 com_github_MitjaNemec_ReplicateLayout.replicate_layout 806:Replicating footprints
01-21 00:20:06 com_github_MitjaNemec_ReplicateLayout.replicate_layout 813:Replicating footprints on sheet ['Row1']
01-21 00:20:06 root 337:updating GUI with: 13
01-21 00:20:06 root 337:updating GUI with: 13
01-21 00:20:06 com_github_MitjaNemec_ReplicateLayout.replicate_layout 813:Replicating footprints on sheet ['Row2']
01-21 00:20:06 com_github_MitjaNemec_ReplicateLayout.replicate_layout 813:Replicating footprints on sheet ['Row3']
01-21 00:20:06 com_github_MitjaNemec_ReplicateLayout.replicate_layout 813:Replicating footprints on sheet ['Row4']
01-21 00:20:06 com_github_MitjaNemec_ReplicateLayout.replicate_layout 813:Replicating footprints on sheet ['Row5']
01-21 00:20:06 com_github_MitjaNemec_ReplicateLayout.replicate_layout 813:Replicating footprints on sheet ['Row6']
01-21 00:20:06 root 337:updating GUI with: 77
01-21 00:20:06 root 337:updating GUI with: 78
01-21 00:20:06 com_github_MitjaNemec_ReplicateLayout.replicate_layout 813:Replicating footprints on sheet ['Row7']
01-21 00:20:06 root 332:updating GUI message: 'Replicating tracks'
01-21 00:20:06 com_github_MitjaNemec_ReplicateLayout.replicate_layout 977:Replicating tracks
01-21 00:20:06 root 337:updating GUI with: 0
01-21 00:20:06 com_github_MitjaNemec_ReplicateLayout.replicate_layout 983:Replicating tracks on sheet ['Row1']
01-21 00:20:06 com_github_MitjaNemec_ReplicateLayout.replicate_layout 766:Net pairs for sheet ['Row1'] :[('Net-(D1-DOUT)', 'Net-(D10-DIN)'), ('/Row0/sensorpair0/D0', '/Row1/sensorpair0/D0'), ('+5V', '+5V'), ('/Row0/sensorpair0/C1', '/Row1/sensorpair0/C1'), ('/Row0/sensorpair3/C0', '/Row1/sensorpair3/C0'), ('/Row0/sensorpair1/D1', '/Row1/sensorpair1/D1'), ('/SCL', '/SCL'), ('/Row0/sensorpair0/C0', '/Row1/sensorpair0/C0'), ('/Row0/sensorpair0/D1', '/Row1/sensorpair0/D1'), ('/Row0/sensorpair2/C0', '/Row1/sensorpair2/C0'), ('Net-(D7-DOUT)', 'Net-(D15-DOUT)'), ('/Row0/LED_OUT', '/Row1/LED_OUT'), ('/Row0/sensorpair3/D0', '/Row1/sensorpair3/D0'), ('/Row0/sensorpair1/D0', '/Row1/sensorpair1/D0'), ('Net-(JP3-B)', 'Net-(JP7-B)'), ('/Row0/sensorpair1/C0', '/Row1/sensorpair1/C0'), ('GND', '+3.3V'), ('Net-(D5-DOUT)', 'Net-(D13-DOUT)'), ('/Row0/sensorpair3/D1', '/Row1/sensorpair3/D1'), ('/Row0/sensorpair2/D0', '/Row1/sensorpair2/D0'), ('/SDA', '/SDA'), ('Net-(D3-DOUT)', 'Net-(D11-DOUT)'), ('Net-(JP5-B)', 'Net-(JP9-B)'), ('/Row0/sensorpair3/C1', '/Row1/sensorpair3/C1'), ('Net-(D6-DOUT)', 'Net-(D14-DOUT)'), ('+3.3V', '+3.3V'), ('Net-(D2-DOUT)', 'Net-(D10-DOUT)'), ('GND', 'GND'), ('Net-(D4-DOUT)', 'Net-(D12-DOUT)'), ('/Row0/sensorpair2/D1', '/Row1/sensorpair2/D1'), ('Net-(JP2-B)', 'Net-(JP6-B)'), ('/Row0/sensorpair1/C1', '/Row1/sensorpair1/C1'), ('Net-(JP4-B)', 'Net-(JP8-B)'), ('/Row0/sensorpair2/C1', '/Row1/sensorpair2/C1'), ('/LED_IN', '/Row0/LED_OUT')]
01-21 00:20:06 com_github_MitjaNemec_ReplicateLayout.replicate_layout 983:Replicating tracks on sheet ['Row2']
01-21 00:20:06 com_github_MitjaNemec_ReplicateLayout.replicate_layout 766:Net pairs for sheet ['Row2'] :[('Net-(D5-DOUT)', 'Net-(D21-DOUT)'), ('/Row0/sensorpair0/C0', '/Row2/sensorpair0/C0'), ('Net-(D4-DOUT)', 'Net-(D20-DOUT)'), ('/Row0/sensorpair3/D1', '/Row2/sensorpair3/D1'), ('Net-(D1-DOUT)', 'Net-(D17-DOUT)'), ('+5V', '+5V'), ('Net-(D2-DOUT)', 'Net-(D18-DOUT)'), ('/Row0/sensorpair3/C0', '/Row2/sensorpair3/C0'), ('/Row0/sensorpair2/C0', '/Row2/sensorpair2/C0'), ('/SCL', '/SCL'), ('/LED_IN', '/Row1/LED_OUT'), ('/Row0/sensorpair1/C1', '/Row2/sensorpair1/C1'), ('/Row0/sensorpair1/C0', '/Row2/sensorpair1/C0'), ('/Row0/sensorpair2/D0', '/Row2/sensorpair2/D0'), ('Net-(D6-DOUT)', 'Net-(D22-DOUT)'), ('/Row0/sensorpair3/D0', '/Row2/sensorpair3/D0'), ('Net-(JP3-B)', 'Net-(JP11-B)'), ('Net-(JP5-B)', 'Net-(JP13-B)'), ('/Row0/sensorpair2/C1', '/Row2/sensorpair2/C1'), ('/Row0/sensorpair0/D0', '/Row2/sensorpair0/D0'), ('GND', '+3.3V'), ('Net-(JP4-B)', 'Net-(JP12-B)'), ('/Row0/sensorpair3/C1', '/Row2/sensorpair3/C1'), ('/Row0/sensorpair2/D1', '/Row2/sensorpair2/D1'), ('Net-(D7-DOUT)', 'Net-(D23-DOUT)'), ('/SDA', '/SDA'), ('/Row0/sensorpair0/C1', '/Row2/sensorpair0/C1'), ('+3.3V', '+3.3V'), ('/Row0/LED_OUT', '/Row2/LED_OUT'), ('/Row0/sensorpair1/D1', '/Row2/sensorpair1/D1'), ('GND', 'GND'), ('/Row0/sensorpair0/D1', '/Row2/sensorpair0/D1'), ('/Row0/sensorpair1/D0', '/Row2/sensorpair1/D0'), ('Net-(JP2-B)', 'Net-(JP10-B)'), ('Net-(D3-DOUT)', 'Net-(D19-DOUT)')]
01-21 00:20:06 root 337:updating GUI with: 14
01-21 00:20:06 root 337:updating GUI with: 14
01-21 00:20:06 com_github_MitjaNemec_ReplicateLayout.replicate_layout 983:Replicating tracks on sheet ['Row3']
01-21 00:20:06 com_github_MitjaNemec_ReplicateLayout.replicate_layout 766:Net pairs for sheet ['Row3'] :[('+5V', '+5V'), ('Net-(JP4-B)', 'Net-(JP16-B)'), ('/Row0/sensorpair2/D0', '/Row3/sensorpair2/D0'), ('/Row0/sensorpair2/C1', '/Row3/sensorpair2/C1'), ('/SCL', '/SCL'), ('/Row0/sensorpair2/C0', '/Row3/sensorpair2/C0'), ('Net-(D1-DOUT)', 'Net-(D25-DOUT)'), ('/Row0/sensorpair0/C0', '/Row3/sensorpair0/C0'), ('/Row0/sensorpair1/C1', '/Row3/sensorpair1/C1'), ('Net-(D4-DOUT)', 'Net-(D28-DOUT)'), ('/Row0/sensorpair3/D0', '/Row3/sensorpair3/D0'), ('/Row0/sensorpair2/D1', '/Row3/sensorpair2/D1'), ('/Row0/sensorpair0/D0', '/Row3/sensorpair0/D0'), ('Net-(JP2-B)', 'Net-(JP14-B)'), ('/Row0/sensorpair1/C0', '/Row3/sensorpair1/C0'), ('GND', '+3.3V'), ('/Row0/sensorpair0/C1', '/Row3/sensorpair0/C1'), ('/LED_IN', '/Row2/LED_OUT'), ('/Row0/sensorpair0/D1', '/Row3/sensorpair0/D1'), ('Net-(D5-DOUT)', 'Net-(D29-DOUT)'), ('/Row0/sensorpair3/C0', '/Row3/sensorpair3/C0'), ('Net-(JP3-B)', 'Net-(JP15-B)'), ('Net-(D7-DOUT)', 'Net-(D31-DOUT)'), ('/Row0/sensorpair1/D0', '/Row3/sensorpair1/D0'), ('/Row0/sensorpair3/C1', '/Row3/sensorpair3/C1'), ('/SDA', '/SDA'), ('Net-(D3-DOUT)', 'Net-(D27-DOUT)'), ('Net-(JP5-B)', 'Net-(JP17-B)'), ('Net-(D6-DOUT)', 'Net-(D30-DOUT)'), ('+3.3V', '+3.3V'), ('/Row0/sensorpair3/D1', '/Row3/sensorpair3/D1'), ('GND', 'GND'), ('/Row0/sensorpair1/D1', '/Row3/sensorpair1/D1'), ('Net-(D2-DOUT)', 'Net-(D26-DOUT)'), ('/Row0/LED_OUT', '/Row3/LED_OUT')]
01-21 00:20:06 root 337:updating GUI with: 33
01-21 00:20:06 root 337:updating GUI with: 33
01-21 00:20:06 com_github_MitjaNemec_ReplicateLayout.replicate_layout 983:Replicating tracks on sheet ['Row4']
01-21 00:20:06 com_github_MitjaNemec_ReplicateLayout.replicate_layout 766:Net pairs for sheet ['Row4'] :[('Net-(D1-DOUT)', 'Net-(D33-DOUT)'), ('Net-(JP3-B)', 'Net-(JP19-B)'), ('Net-(D4-DOUT)', 'Net-(D36-DOUT)'), ('/Row0/sensorpair0/D0', '/Row4/sensorpair0/D0'), ('+5V', '+5V'), ('/Row0/sensorpair0/C1', '/Row4/sensorpair0/C1'), ('/Row0/sensorpair1/D0', '/Row4/sensorpair1/D0'), ('/Row0/LED_OUT', '/Row4/LED_OUT'), ('Net-(JP2-B)', 'Net-(JP18-B)'), ('/SCL', '/SCL'), ('/Row0/sensorpair1/C0', '/Row4/sensorpair1/C0'), ('/Row0/sensorpair2/D0', '/Row4/sensorpair2/D0'), ('Net-(D7-DOUT)', 'Net-(D39-DOUT)'), ('/Row0/sensorpair2/C0', '/Row4/sensorpair2/C0'), ('Net-(JP4-B)', 'Net-(JP20-B)'), ('/Row0/sensorpair2/D1', '/Row4/sensorpair2/D1'), ('/Row0/sensorpair0/D1', '/Row4/sensorpair0/D1'), ('/Row0/sensorpair1/D1', '/Row4/sensorpair1/D1'), ('/Row0/sensorpair3/D0', '/Row4/sensorpair3/D0'), ('GND', '+3.3V'), ('Net-(D2-DOUT)', 'Net-(D34-DOUT)'), ('/Row0/sensorpair3/D1', '/Row4/sensorpair3/D1'), ('Net-(D6-DOUT)', 'Net-(D38-DOUT)'), ('/Row0/sensorpair0/C0', '/Row4/sensorpair0/C0'), ('Net-(JP5-B)', 'Net-(JP21-B)'), ('/LED_IN', '/Row3/LED_OUT'), ('/SDA', '/SDA'), ('Net-(D5-DOUT)', 'Net-(D37-DOUT)'), ('/Row0/sensorpair1/C1', '/Row4/sensorpair1/C1'), ('/Row0/sensorpair2/C1', '/Row4/sensorpair2/C1'), ('+3.3V', '+3.3V'), ('/Row0/sensorpair3/C1', '/Row4/sensorpair3/C1'), ('GND', 'GND'), ('/Row0/sensorpair3/C0', '/Row4/sensorpair3/C0'), ('Net-(D3-DOUT)', 'Net-(D35-DOUT)')]
01-21 00:20:06 root 337:updating GUI with: 54
01-21 00:20:06 root 337:updating GUI with: 54
01-21 00:20:06 com_github_MitjaNemec_ReplicateLayout.replicate_layout 983:Replicating tracks on sheet ['Row5']
01-21 00:20:06 com_github_MitjaNemec_ReplicateLayout.replicate_layout 766:Net pairs for sheet ['Row5'] :[('/Row0/sensorpair0/D1', '/Row5/sensorpair0/D1'), ('/Row0/sensorpair1/C0', '/Row5/sensorpair1/C0'), ('/Row0/sensorpair3/D1', '/Row5/sensorpair3/D1'), ('+5V', '+5V'), ('/Row0/sensorpair0/D0', '/Row5/sensorpair0/D0'), ('Net-(D3-DOUT)', 'Net-(D43-DOUT)'), ('Net-(D1-DOUT)', 'Net-(D41-DOUT)'), ('Net-(D5-DOUT)', 'Net-(D45-DOUT)'), ('/SCL', '/SCL'), ('/Row0/sensorpair1/C1', '/Row5/sensorpair1/C1'), ('Net-(JP2-B)', 'Net-(JP22-B)'), ('Net-(JP3-B)', 'Net-(JP23-B)'), ('/Row0/sensorpair3/C1', '/Row5/sensorpair3/C1'), ('/Row0/sensorpair2/C0', '/Row5/sensorpair2/C0'), ('/Row0/sensorpair1/D1', '/Row5/sensorpair1/D1'), ('Net-(D2-DOUT)', 'Net-(D42-DOUT)'), ('/Row0/sensorpair0/C0', '/Row5/sensorpair0/C0'), ('/Row0/sensorpair2/D1', '/Row5/sensorpair2/D1'), ('GND', '+3.3V'), ('Net-(D4-DOUT)', 'Net-(D44-DOUT)'), ('/Row0/sensorpair0/C1', '/Row5/sensorpair0/C1'), ('/Row0/sensorpair1/D0', '/Row5/sensorpair1/D0'), ('/SDA', '/SDA'), ('Net-(D6-DOUT)', 'Net-(D46-DOUT)'), ('/Row0/sensorpair3/C0', '/Row5/sensorpair3/C0'), ('Net-(JP4-B)', 'Net-(JP24-B)'), ('/Row0/LED_OUT', '/Row5/LED_OUT'), ('+3.3V', '+3.3V'), ('Net-(JP5-B)', 'Net-(JP25-B)'), ('GND', 'GND'), ('/Row0/sensorpair3/D0', '/Row5/sensorpair3/D0'), ('/LED_IN', '/Row4/LED_OUT'), ('Net-(D7-DOUT)', 'Net-(D47-DOUT)'), ('/Row0/sensorpair2/D0', '/Row5/sensorpair2/D0'), ('/Row0/sensorpair2/C1', '/Row5/sensorpair2/C1')]
01-21 00:20:06 com_github_MitjaNemec_ReplicateLayout.replicate_layout 983:Replicating tracks on sheet ['Row6']
01-21 00:20:06 com_github_MitjaNemec_ReplicateLayout.replicate_layout 766:Net pairs for sheet ['Row6'] :[('Net-(D5-DOUT)', 'Net-(D53-DOUT)'), ('/Row0/sensorpair3/D1', '/Row6/sensorpair3/D1'), ('Net-(D1-DOUT)', 'Net-(D49-DOUT)'), ('+5V', '+5V'), ('/Row0/sensorpair1/D1', '/Row6/sensorpair1/D1'), ('/SCL', '/SCL'), ('/Row0/sensorpair0/D0', '/Row6/sensorpair0/D0'), ('Net-(JP5-B)', 'Net-(JP29-B)'), ('/Row0/sensorpair2/C1', '/Row6/sensorpair2/C1'), ('/Row0/sensorpair0/D1', '/Row6/sensorpair0/D1'), ('/Row0/sensorpair0/C1', '/Row6/sensorpair0/C1'), ('Net-(JP2-B)', 'Net-(JP26-B)'), ('Net-(JP4-B)', 'Net-(JP28-B)'), ('/Row0/sensorpair1/C0', '/Row6/sensorpair1/C0'), ('Net-(D6-DOUT)', 'Net-(D54-DOUT)'), ('/Row0/sensorpair3/C1', '/Row6/sensorpair3/C1'), ('/Row0/sensorpair3/D0', '/Row6/sensorpair3/D0'), ('/Row0/sensorpair2/C0', '/Row6/sensorpair2/C0'), ('/LED_IN', '/Row5/LED_OUT'), ('GND', '+3.3V'), ('Net-(D3-DOUT)', 'Net-(D51-DOUT)'), ('/Row0/sensorpair1/C1', '/Row6/sensorpair1/C1'), ('/Row0/sensorpair2/D1', '/Row6/sensorpair2/D1'), ('Net-(JP3-B)', 'Net-(JP27-B)'), ('Net-(D4-DOUT)', 'Net-(D52-DOUT)'), ('/Row0/sensorpair2/D0', '/Row6/sensorpair2/D0'), ('/SDA', '/SDA'), ('/Row0/sensorpair3/C0', '/Row6/sensorpair3/C0'), ('/Row0/sensorpair1/D0', '/Row6/sensorpair1/D0'), ('+3.3V', '+3.3V'), ('/Row0/LED_OUT', '/Row6/LED_OUT'), ('Net-(D7-DOUT)', 'Net-(D55-DOUT)'), ('GND', 'GND'), ('/Row0/sensorpair0/C0', '/Row6/sensorpair0/C0'), ('Net-(D2-DOUT)', 'Net-(D50-DOUT)')]
01-21 00:20:06 root 337:updating GUI with: 71
01-21 00:20:06 root 337:updating GUI with: 71
01-21 00:20:06 com_github_MitjaNemec_ReplicateLayout.replicate_layout 983:Replicating tracks on sheet ['Row7']
01-21 00:20:06 com_github_MitjaNemec_ReplicateLayout.replicate_layout 766:Net pairs for sheet ['Row7'] :[('Net-(JP3-B)', 'Net-(JP31-B)'), ('+5V', '+5V'), ('/Row0/sensorpair1/D1', '/Row7/sensorpair1/D1'), ('Net-(JP2-B)', 'Net-(JP30-B)'), ('/Row0/sensorpair2/C1', '/Row7/sensorpair2/C1'), ('Net-(D7-DOUT)', 'Net-(D63-DOUT)'), ('Net-(D1-DOUT)', 'Net-(D57-DOUT)'), ('Net-(D5-DOUT)', 'Net-(D61-DOUT)'), ('/SCL', '/SCL'), ('/Row0/sensorpair0/C1', '/Row7/sensorpair0/C1'), ('/Row0/sensorpair0/C0', '/Row7/sensorpair0/C0'), ('Net-(JP4-B)', 'Net-(JP32-B)'), ('/Row0/sensorpair0/D1', '/Row7/sensorpair0/D1'), ('/Row0/sensorpair2/D0', '/Row7/sensorpair2/D0'), ('/Row0/sensorpair2/C0', '/Row7/sensorpair2/C0'), ('Net-(D2-DOUT)', 'Net-(D58-DOUT)'), ('/Row0/sensorpair3/C1', '/Row7/sensorpair3/C1'), ('/Row0/sensorpair1/C0', '/Row7/sensorpair1/C0'), ('/Row0/sensorpair0/D0', '/Row7/sensorpair0/D0'), ('GND', '+3.3V'), ('/Row0/sensorpair3/D0', '/Row7/sensorpair3/D0'), ('/Row0/sensorpair1/D0', '/Row7/sensorpair1/D0'), ('/LED_IN', '/Row6/LED_OUT'), ('Net-(D6-DOUT)', 'Net-(D62-DOUT)'), ('Net-(D3-DOUT)', 'Net-(D59-DOUT)'), ('/Row0/sensorpair3/C0', '/Row7/sensorpair3/C0'), ('/Row0/sensorpair2/D1', '/Row7/sensorpair2/D1'), ('/Row0/LED_OUT', '/LED_OUT'), ('Net-(D4-DOUT)', 'Net-(D60-DOUT)'), ('/SDA', '/SDA'), ('/Row0/sensorpair3/D1', '/Row7/sensorpair3/D1'), ('+3.3V', '+3.3V'), ('Net-(JP5-B)', 'Net-(JP33-B)'), ('GND', 'GND'), ('/Row0/sensorpair1/C1', '/Row7/sensorpair1/C1')]
01-21 00:20:06 root 337:updating GUI with: 90
01-21 00:20:06 root 337:updating GUI with: 90
01-21 00:20:06 root 332:updating GUI message: 'Replicating zones'
01-21 00:20:06 com_github_MitjaNemec_ReplicateLayout.replicate_layout 1047:Replicating zones
01-21 00:20:06 com_github_MitjaNemec_ReplicateLayout.replicate_layout 1054:Replicating zones on sheet ['Row1']
01-21 00:20:06 com_github_MitjaNemec_ReplicateLayout.replicate_layout 766:Net pairs for sheet ['Row1'] :[('Net-(D1-DOUT)', 'Net-(D10-DIN)'), ('/Row0/sensorpair0/D0', '/Row1/sensorpair0/D0'), ('+5V', '+5V'), ('/Row0/sensorpair0/C1', '/Row1/sensorpair0/C1'), ('/Row0/sensorpair3/C0', '/Row1/sensorpair3/C0'), ('/Row0/sensorpair1/D1', '/Row1/sensorpair1/D1'), ('/SCL', '/SCL'), ('/Row0/sensorpair0/C0', '/Row1/sensorpair0/C0'), ('/Row0/sensorpair0/D1', '/Row1/sensorpair0/D1'), ('/Row0/sensorpair2/C0', '/Row1/sensorpair2/C0'), ('Net-(D7-DOUT)', 'Net-(D15-DOUT)'), ('/Row0/LED_OUT', '/Row1/LED_OUT'), ('/Row0/sensorpair3/D0', '/Row1/sensorpair3/D0'), ('/Row0/sensorpair1/D0', '/Row1/sensorpair1/D0'), ('Net-(JP3-B)', 'Net-(JP7-B)'), ('/Row0/sensorpair1/C0', '/Row1/sensorpair1/C0'), ('GND', '+3.3V'), ('Net-(D5-DOUT)', 'Net-(D13-DOUT)'), ('/Row0/sensorpair3/D1', '/Row1/sensorpair3/D1'), ('/Row0/sensorpair2/D0', '/Row1/sensorpair2/D0'), ('/SDA', '/SDA'), ('Net-(D3-DOUT)', 'Net-(D11-DOUT)'), ('Net-(JP5-B)', 'Net-(JP9-B)'), ('/Row0/sensorpair3/C1', '/Row1/sensorpair3/C1'), ('Net-(D6-DOUT)', 'Net-(D14-DOUT)'), ('+3.3V', '+3.3V'), ('Net-(D2-DOUT)', 'Net-(D10-DOUT)'), ('GND', 'GND'), ('Net-(D4-DOUT)', 'Net-(D12-DOUT)'), ('/Row0/sensorpair2/D1', '/Row1/sensorpair2/D1'), ('Net-(JP2-B)', 'Net-(JP6-B)'), ('/Row0/sensorpair1/C1', '/Row1/sensorpair1/C1'), ('Net-(JP4-B)', 'Net-(JP8-B)'), ('/Row0/sensorpair2/C1', '/Row1/sensorpair2/C1'), ('/LED_IN', '/Row0/LED_OUT')]
01-21 00:20:06 com_github_MitjaNemec_ReplicateLayout.replicate_layout 1054:Replicating zones on sheet ['Row2']
01-21 00:20:06 com_github_MitjaNemec_ReplicateLayout.replicate_layout 766:Net pairs for sheet ['Row2'] :[('Net-(D5-DOUT)', 'Net-(D21-DOUT)'), ('/Row0/sensorpair0/C0', '/Row2/sensorpair0/C0'), ('Net-(D4-DOUT)', 'Net-(D20-DOUT)'), ('/Row0/sensorpair3/D1', '/Row2/sensorpair3/D1'), ('Net-(D1-DOUT)', 'Net-(D17-DOUT)'), ('+5V', '+5V'), ('Net-(D2-DOUT)', 'Net-(D18-DOUT)'), ('/Row0/sensorpair3/C0', '/Row2/sensorpair3/C0'), ('/Row0/sensorpair2/C0', '/Row2/sensorpair2/C0'), ('/SCL', '/SCL'), ('/LED_IN', '/Row1/LED_OUT'), ('/Row0/sensorpair1/C1', '/Row2/sensorpair1/C1'), ('/Row0/sensorpair1/C0', '/Row2/sensorpair1/C0'), ('/Row0/sensorpair2/D0', '/Row2/sensorpair2/D0'), ('Net-(D6-DOUT)', 'Net-(D22-DOUT)'), ('/Row0/sensorpair3/D0', '/Row2/sensorpair3/D0'), ('Net-(JP3-B)', 'Net-(JP11-B)'), ('Net-(JP5-B)', 'Net-(JP13-B)'), ('/Row0/sensorpair2/C1', '/Row2/sensorpair2/C1'), ('/Row0/sensorpair0/D0', '/Row2/sensorpair0/D0'), ('GND', '+3.3V'), ('Net-(JP4-B)', 'Net-(JP12-B)'), ('/Row0/sensorpair3/C1', '/Row2/sensorpair3/C1'), ('/Row0/sensorpair2/D1', '/Row2/sensorpair2/D1'), ('Net-(D7-DOUT)', 'Net-(D23-DOUT)'), ('/SDA', '/SDA'), ('/Row0/sensorpair0/C1', '/Row2/sensorpair0/C1'), ('+3.3V', '+3.3V'), ('/Row0/LED_OUT', '/Row2/LED_OUT'), ('/Row0/sensorpair1/D1', '/Row2/sensorpair1/D1'), ('GND', 'GND'), ('/Row0/sensorpair0/D1', '/Row2/sensorpair0/D1'), ('/Row0/sensorpair1/D0', '/Row2/sensorpair1/D0'), ('Net-(JP2-B)', 'Net-(JP10-B)'), ('Net-(D3-DOUT)', 'Net-(D19-DOUT)')]
01-21 00:20:06 root 337:updating GUI with: 28
01-21 00:20:06 com_github_MitjaNemec_ReplicateLayout.replicate_layout 1054:Replicating zones on sheet ['Row3']
01-21 00:20:06 com_github_MitjaNemec_ReplicateLayout.replicate_layout 766:Net pairs for sheet ['Row3'] :[('+5V', '+5V'), ('Net-(JP4-B)', 'Net-(JP16-B)'), ('/Row0/sensorpair2/D0', '/Row3/sensorpair2/D0'), ('/Row0/sensorpair2/C1', '/Row3/sensorpair2/C1'), ('/SCL', '/SCL'), ('/Row0/sensorpair2/C0', '/Row3/sensorpair2/C0'), ('Net-(D1-DOUT)', 'Net-(D25-DOUT)'), ('/Row0/sensorpair0/C0', '/Row3/sensorpair0/C0'), ('/Row0/sensorpair1/C1', '/Row3/sensorpair1/C1'), ('Net-(D4-DOUT)', 'Net-(D28-DOUT)'), ('/Row0/sensorpair3/D0', '/Row3/sensorpair3/D0'), ('/Row0/sensorpair2/D1', '/Row3/sensorpair2/D1'), ('/Row0/sensorpair0/D0', '/Row3/sensorpair0/D0'), ('Net-(JP2-B)', 'Net-(JP14-B)'), ('/Row0/sensorpair1/C0', '/Row3/sensorpair1/C0'), ('GND', '+3.3V'), ('/Row0/sensorpair0/C1', '/Row3/sensorpair0/C1'), ('/LED_IN', '/Row2/LED_OUT'), ('/Row0/sensorpair0/D1', '/Row3/sensorpair0/D1'), ('Net-(D5-DOUT)', 'Net-(D29-DOUT)'), ('/Row0/sensorpair3/C0', '/Row3/sensorpair3/C0'), ('Net-(JP3-B)', 'Net-(JP15-B)'), ('Net-(D7-DOUT)', 'Net-(D31-DOUT)'), ('/Row0/sensorpair1/D0', '/Row3/sensorpair1/D0'), ('/Row0/sensorpair3/C1', '/Row3/sensorpair3/C1'), ('/SDA', '/SDA'), ('Net-(D3-DOUT)', 'Net-(D27-DOUT)'), ('Net-(JP5-B)', 'Net-(JP17-B)'), ('Net-(D6-DOUT)', 'Net-(D30-DOUT)'), ('+3.3V', '+3.3V'), ('/Row0/sensorpair3/D1', '/Row3/sensorpair3/D1'), ('GND', 'GND'), ('/Row0/sensorpair1/D1', '/Row3/sensorpair1/D1'), ('Net-(D2-DOUT)', 'Net-(D26-DOUT)'), ('/Row0/LED_OUT', '/Row3/LED_OUT')]
01-21 00:20:06 root 337:updating GUI with: 42
01-21 00:20:06 com_github_MitjaNemec_ReplicateLayout.replicate_layout 1054:Replicating zones on sheet ['Row4']
01-21 00:20:06 com_github_MitjaNemec_ReplicateLayout.replicate_layout 766:Net pairs for sheet ['Row4'] :[('Net-(D1-DOUT)', 'Net-(D33-DOUT)'), ('Net-(JP3-B)', 'Net-(JP19-B)'), ('Net-(D4-DOUT)', 'Net-(D36-DOUT)'), ('/Row0/sensorpair0/D0', '/Row4/sensorpair0/D0'), ('+5V', '+5V'), ('/Row0/sensorpair0/C1', '/Row4/sensorpair0/C1'), ('/Row0/sensorpair1/D0', '/Row4/sensorpair1/D0'), ('/Row0/LED_OUT', '/Row4/LED_OUT'), ('Net-(JP2-B)', 'Net-(JP18-B)'), ('/SCL', '/SCL'), ('/Row0/sensorpair1/C0', '/Row4/sensorpair1/C0'), ('/Row0/sensorpair2/D0', '/Row4/sensorpair2/D0'), ('Net-(D7-DOUT)', 'Net-(D39-DOUT)'), ('/Row0/sensorpair2/C0', '/Row4/sensorpair2/C0'), ('Net-(JP4-B)', 'Net-(JP20-B)'), ('/Row0/sensorpair2/D1', '/Row4/sensorpair2/D1'), ('/Row0/sensorpair0/D1', '/Row4/sensorpair0/D1'), ('/Row0/sensorpair1/D1', '/Row4/sensorpair1/D1'), ('/Row0/sensorpair3/D0', '/Row4/sensorpair3/D0'), ('GND', '+3.3V'), ('Net-(D2-DOUT)', 'Net-(D34-DOUT)'), ('/Row0/sensorpair3/D1', '/Row4/sensorpair3/D1'), ('Net-(D6-DOUT)', 'Net-(D38-DOUT)'), ('/Row0/sensorpair0/C0', '/Row4/sensorpair0/C0'), ('Net-(JP5-B)', 'Net-(JP21-B)'), ('/LED_IN', '/Row3/LED_OUT'), ('/SDA', '/SDA'), ('Net-(D5-DOUT)', 'Net-(D37-DOUT)'), ('/Row0/sensorpair1/C1', '/Row4/sensorpair1/C1'), ('/Row0/sensorpair2/C1', '/Row4/sensorpair2/C1'), ('+3.3V', '+3.3V'), ('/Row0/sensorpair3/C1', '/Row4/sensorpair3/C1'), ('GND', 'GND'), ('/Row0/sensorpair3/C0', '/Row4/sensorpair3/C0'), ('Net-(D3-DOUT)', 'Net-(D35-DOUT)')]
01-21 00:20:06 com_github_MitjaNemec_ReplicateLayout.replicate_layout 1054:Replicating zones on sheet ['Row5']
01-21 00:20:06 com_github_MitjaNemec_ReplicateLayout.replicate_layout 766:Net pairs for sheet ['Row5'] :[('/Row0/sensorpair0/D1', '/Row5/sensorpair0/D1'), ('/Row0/sensorpair1/C0', '/Row5/sensorpair1/C0'), ('/Row0/sensorpair3/D1', '/Row5/sensorpair3/D1'), ('+5V', '+5V'), ('/Row0/sensorpair0/D0', '/Row5/sensorpair0/D0'), ('Net-(D3-DOUT)', 'Net-(D43-DOUT)'), ('Net-(D1-DOUT)', 'Net-(D41-DOUT)'), ('Net-(D5-DOUT)', 'Net-(D45-DOUT)'), ('/SCL', '/SCL'), ('/Row0/sensorpair1/C1', '/Row5/sensorpair1/C1'), ('Net-(JP2-B)', 'Net-(JP22-B)'), ('Net-(JP3-B)', 'Net-(JP23-B)'), ('/Row0/sensorpair3/C1', '/Row5/sensorpair3/C1'), ('/Row0/sensorpair2/C0', '/Row5/sensorpair2/C0'), ('/Row0/sensorpair1/D1', '/Row5/sensorpair1/D1'), ('Net-(D2-DOUT)', 'Net-(D42-DOUT)'), ('/Row0/sensorpair0/C0', '/Row5/sensorpair0/C0'), ('/Row0/sensorpair2/D1', '/Row5/sensorpair2/D1'), ('GND', '+3.3V'), ('Net-(D4-DOUT)', 'Net-(D44-DOUT)'), ('/Row0/sensorpair0/C1', '/Row5/sensorpair0/C1'), ('/Row0/sensorpair1/D0', '/Row5/sensorpair1/D0'), ('/SDA', '/SDA'), ('Net-(D6-DOUT)', 'Net-(D46-DOUT)'), ('/Row0/sensorpair3/C0', '/Row5/sensorpair3/C0'), ('Net-(JP4-B)', 'Net-(JP24-B)'), ('/Row0/LED_OUT', '/Row5/LED_OUT'), ('+3.3V', '+3.3V'), ('Net-(JP5-B)', 'Net-(JP25-B)'), ('GND', 'GND'), ('/Row0/sensorpair3/D0', '/Row5/sensorpair3/D0'), ('/LED_IN', '/Row4/LED_OUT'), ('Net-(D7-DOUT)', 'Net-(D47-DOUT)'), ('/Row0/sensorpair2/D0', '/Row5/sensorpair2/D0'), ('/Row0/sensorpair2/C1', '/Row5/sensorpair2/C1')]
01-21 00:20:06 com_github_MitjaNemec_ReplicateLayout.replicate_layout 1054:Replicating zones on sheet ['Row6']
01-21 00:20:06 com_github_MitjaNemec_ReplicateLayout.replicate_layout 766:Net pairs for sheet ['Row6'] :[('Net-(D5-DOUT)', 'Net-(D53-DOUT)'), ('/Row0/sensorpair3/D1', '/Row6/sensorpair3/D1'), ('Net-(D1-DOUT)', 'Net-(D49-DOUT)'), ('+5V', '+5V'), ('/Row0/sensorpair1/D1', '/Row6/sensorpair1/D1'), ('/SCL', '/SCL'), ('/Row0/sensorpair0/D0', '/Row6/sensorpair0/D0'), ('Net-(JP5-B)', 'Net-(JP29-B)'), ('/Row0/sensorpair2/C1', '/Row6/sensorpair2/C1'), ('/Row0/sensorpair0/D1', '/Row6/sensorpair0/D1'), ('/Row0/sensorpair0/C1', '/Row6/sensorpair0/C1'), ('Net-(JP2-B)', 'Net-(JP26-B)'), ('Net-(JP4-B)', 'Net-(JP28-B)'), ('/Row0/sensorpair1/C0', '/Row6/sensorpair1/C0'), ('Net-(D6-DOUT)', 'Net-(D54-DOUT)'), ('/Row0/sensorpair3/C1', '/Row6/sensorpair3/C1'), ('/Row0/sensorpair3/D0', '/Row6/sensorpair3/D0'), ('/Row0/sensorpair2/C0', '/Row6/sensorpair2/C0'), ('/LED_IN', '/Row5/LED_OUT'), ('GND', '+3.3V'), ('Net-(D3-DOUT)', 'Net-(D51-DOUT)'), ('/Row0/sensorpair1/C1', '/Row6/sensorpair1/C1'), ('/Row0/sensorpair2/D1', '/Row6/sensorpair2/D1'), ('Net-(JP3-B)', 'Net-(JP27-B)'), ('Net-(D4-DOUT)', 'Net-(D52-DOUT)'), ('/Row0/sensorpair2/D0', '/Row6/sensorpair2/D0'), ('/SDA', '/SDA'), ('/Row0/sensorpair3/C0', '/Row6/sensorpair3/C0'), ('/Row0/sensorpair1/D0', '/Row6/sensorpair1/D0'), ('+3.3V', '+3.3V'), ('/Row0/LED_OUT', '/Row6/LED_OUT'), ('Net-(D7-DOUT)', 'Net-(D55-DOUT)'), ('GND', 'GND'), ('/Row0/sensorpair0/C0', '/Row6/sensorpair0/C0'), ('Net-(D2-DOUT)', 'Net-(D50-DOUT)')]
01-21 00:20:06 root 337:updating GUI with: 85
01-21 00:20:06 com_github_MitjaNemec_ReplicateLayout.replicate_layout 1054:Replicating zones on sheet ['Row7']
01-21 00:20:06 com_github_MitjaNemec_ReplicateLayout.replicate_layout 766:Net pairs for sheet ['Row7'] :[('Net-(JP3-B)', 'Net-(JP31-B)'), ('+5V', '+5V'), ('/Row0/sensorpair1/D1', '/Row7/sensorpair1/D1'), ('Net-(JP2-B)', 'Net-(JP30-B)'), ('/Row0/sensorpair2/C1', '/Row7/sensorpair2/C1'), ('Net-(D7-DOUT)', 'Net-(D63-DOUT)'), ('Net-(D1-DOUT)', 'Net-(D57-DOUT)'), ('Net-(D5-DOUT)', 'Net-(D61-DOUT)'), ('/SCL', '/SCL'), ('/Row0/sensorpair0/C1', '/Row7/sensorpair0/C1'), ('/Row0/sensorpair0/C0', '/Row7/sensorpair0/C0'), ('Net-(JP4-B)', 'Net-(JP32-B)'), ('/Row0/sensorpair0/D1', '/Row7/sensorpair0/D1'), ('/Row0/sensorpair2/D0', '/Row7/sensorpair2/D0'), ('/Row0/sensorpair2/C0', '/Row7/sensorpair2/C0'), ('Net-(D2-DOUT)', 'Net-(D58-DOUT)'), ('/Row0/sensorpair3/C1', '/Row7/sensorpair3/C1'), ('/Row0/sensorpair1/C0', '/Row7/sensorpair1/C0'), ('/Row0/sensorpair0/D0', '/Row7/sensorpair0/D0'), ('GND', '+3.3V'), ('/Row0/sensorpair3/D0', '/Row7/sensorpair3/D0'), ('/Row0/sensorpair1/D0', '/Row7/sensorpair1/D0'), ('/LED_IN', '/Row6/LED_OUT'), ('Net-(D6-DOUT)', 'Net-(D62-DOUT)'), ('Net-(D3-DOUT)', 'Net-(D59-DOUT)'), ('/Row0/sensorpair3/C0', '/Row7/sensorpair3/C0'), ('/Row0/sensorpair2/D1', '/Row7/sensorpair2/D1'), ('/Row0/LED_OUT', '/LED_OUT'), ('Net-(D4-DOUT)', 'Net-(D60-DOUT)'), ('/SDA', '/SDA'), ('/Row0/sensorpair3/D1', '/Row7/sensorpair3/D1'), ('+3.3V', '+3.3V'), ('Net-(JP5-B)', 'Net-(JP33-B)'), ('GND', 'GND'), ('/Row0/sensorpair1/C1', '/Row7/sensorpair1/C1')]
01-21 00:20:06 root 332:updating GUI message: 'Replicating text'
01-21 00:20:06 com_github_MitjaNemec_ReplicateLayout.replicate_layout 1136:Replicating text
01-21 00:20:06 root 337:updating GUI with: 0
01-21 00:20:06 com_github_MitjaNemec_ReplicateLayout.replicate_layout 1143:Replicating text on sheet ['Row1']
01-21 00:20:06 com_github_MitjaNemec_ReplicateLayout.replicate_layout 1143:Replicating text on sheet ['Row2']
01-21 00:20:06 com_github_MitjaNemec_ReplicateLayout.replicate_layout 1143:Replicating text on sheet ['Row3']
01-21 00:20:06 com_github_MitjaNemec_ReplicateLayout.replicate_layout 1143:Replicating text on sheet ['Row4']
01-21 00:20:06 com_github_MitjaNemec_ReplicateLayout.replicate_layout 1143:Replicating text on sheet ['Row5']
01-21 00:20:06 com_github_MitjaNemec_ReplicateLayout.replicate_layout 1143:Replicating text on sheet ['Row6']
01-21 00:20:06 com_github_MitjaNemec_ReplicateLayout.replicate_layout 1143:Replicating text on sheet ['Row7']
01-21 00:20:06 root 332:updating GUI message: 'Replicating drawings'
01-21 00:20:06 com_github_MitjaNemec_ReplicateLayout.replicate_layout 1187:Replicating drawings
01-21 00:20:06 com_github_MitjaNemec_ReplicateLayout.replicate_layout 1193:Replicating drawings on sheet ['Row1']
01-21 00:20:06 com_github_MitjaNemec_ReplicateLayout.replicate_layout 1193:Replicating drawings on sheet ['Row2']
01-21 00:20:06 com_github_MitjaNemec_ReplicateLayout.replicate_layout 1193:Replicating drawings on sheet ['Row3']
01-21 00:20:06 com_github_MitjaNemec_ReplicateLayout.replicate_layout 1193:Replicating drawings on sheet ['Row4']
01-21 00:20:06 com_github_MitjaNemec_ReplicateLayout.replicate_layout 1193:Replicating drawings on sheet ['Row5']
01-21 00:20:06 com_github_MitjaNemec_ReplicateLayout.replicate_layout 1193:Replicating drawings on sheet ['Row6']
01-21 00:20:06 com_github_MitjaNemec_ReplicateLayout.replicate_layout 1193:Replicating drawings on sheet ['Row7']
01-21 00:20:06 com_github_MitjaNemec_ReplicateLayout.action_replicate_layout 256:Replication complete
